FULL RUN LOG:
 Executing Step 0 of 8: Extracting GDS Files
Step 0 done without fatal errors.
 Executing Step 1 of 8: Project License Check
{{LICENSE COMPLIANCE PASSED}} Apache-2.0 LICENSE file was found in project root
 No third party libraries found.
Step 1 done without fatal errors.
{{SPDX COMPLIANCE WARNING}} Found 31 non-compliant files with the SPDX Standard. Check full log for more information
SPDX COMPLIANCE: NON-COMPLIANT FILES PREVIEW: ['/home/mariam/mabrains/caravel_user_project_LDO_DPLL/README.md', '/home/mariam/mabrains/caravel_user_project_LDO_DPLL/.github/workflows/auto_update_submodule.yml', '/home/mariam/mabrains/caravel_user_project_LDO_DPLL/.github/workflows/user_project_ci.yml', '/home/mariam/mabrains/caravel_user_project_LDO_DPLL/.github/workflows/caravan_build.yml', '/home/mariam/mabrains/caravel_user_project_LDO_DPLL/.github/scripts/dv/run-dv.sh', '/home/mariam/mabrains/caravel_user_project_LDO_DPLL/caravel/openlane/user_analog_project_wrapper_empty/or_ioplace.tcl', '/home/mariam/mabrains/caravel_user_project_LDO_DPLL/caravel/verilog/rtl/mgmt_soc.v', '/home/mariam/mabrains/caravel_user_project_LDO_DPLL/caravel/verilog/rtl/simpleuart.v', '/home/mariam/mabrains/caravel_user_project_LDO_DPLL/caravel/verilog/rtl/picorv32.v', '/home/mariam/mabrains/caravel_user_project_LDO_DPLL/caravel/verilog/rtl/spimemio.v', '/home/mariam/mabrains/caravel_user_project_LDO_DPLL/caravel/verilog/dv/caravel/spiflash.v', '/home/mariam/mabrains/caravel_user_project_LDO_DPLL/caravel/verilog/dv/caravel/tbuart.v', '/home/mariam/mabrains/caravel_user_project_LDO_DPLL/caravel/verilog/dv/caravel/mgmt_soc/storage/storage_tb.v', '/home/mariam/mabrains/caravel_user_project_LDO_DPLL/caravel/verilog/dv/caravel/mgmt_soc/perf/perf_tb.v', '/home/mariam/mabrains/caravel_user_project_LDO_DPLL/caravel/verilog/dv/caravel/mgmt_soc/timer/timer_tb.v', '/home/mariam/mabrains/caravel_user_project_LDO_DPLL/caravel/verilog/dv/caravel/mgmt_soc/gpio/gpio_tb.v', '/home/mariam/mabrains/caravel_user_project_LDO_DPLL/caravel/verilog/dv/caravel/mgmt_soc/mem/mem_tb.v', '/home/mariam/mabrains/caravel_user_project_LDO_DPLL/caravel/verilog/dv/caravel/mgmt_soc/uart/uart_tb.v', '/home/mariam/mabrains/caravel_user_project_LDO_DPLL/caravel/verilog/dv/caravel/mgmt_soc/timer2/timer2_tb.v', '/home/mariam/mabrains/caravel_user_project_LDO_DPLL/caravel/verilog/dv/caravel/mgmt_soc/qspi/qspi_tb.v']
 Executing Step 2 of 8: YAML File Check
 YAML file valid!
Step 2 done without fatal errors.
 Detected Project Type is "analog"
 Executing Step 3 of 8: Project Compliance Checks
b'Going into /home/mariam/mabrains/caravel_user_project_LDO_DPLL/caravel'
b'Removing manifest'
b'Fetching manifest'
b'Running sha1sum checks'
 Manifest Checks Passed. Caravel Version Matches.
 Makefile Checks Passed.
 Documentation Checks Passed.
 Executing Step 4 of 8: Fuzzy Consistency Checks
instance caravan found
instance user_analog_project_wrapper found
Design is complex and contains: 36 modules
Design is complex and contains: 2 modules
verilog Consistency Checks Passed.
 Basic Hierarchy Checks Passed.
{PROGRESS} Running Pins and Power Checks...
Pins check passed
Internal Power Checks Passed!
Power Checks Passed
 Fuzzy Consistency Checks Passed!
Step 4 done without fatal errors.
 Executing Step 5 of 8: XOR Consistency Checks
 Running XOR Checks...
Total XOR differences = 10462888
 XOR Checks on GDS Failed, Reason: XOR Differences count is 10462888. Please view /home/mariam/mabrains/caravel_user_project_LDO_DPLL/checks/*.xor.* for more details.
TEST FAILED AT STEP 5
